<?xml version="1.0" encoding="UTF-8"?>
<!-- Generated by org.testng.reporters.JUnitReportReporter -->
<testsuite hostname="DESKTOP-UO09EH4" failures="0" tests="1" name="org.maya.Test1" time="8.635" errors="0" timestamp="2024-02-15T16:15:29 IST" skipped="0">
  <testcase classname="org.maya.Test1" name="login" time="8.635"/>
</testsuite> <!-- org.maya.Test1 -->
